# JRE version: Java(TM) SE Runtime Environment (8.0_261-b12) (build 1.8.0_261-b12)
# Java VM: Java HotSpot(TM) 64-Bit Server VM (25.261-b12 mixed mode windows-amd64 compressed oops)
Heap:
 PSYoungGen      total 129536K, used 5108K [0x00000000d5e00000, 0x00000000dea00000, 0x0000000100000000)
  eden space 124416K, 0% used [0x00000000d5e00000,0x00000000d5e00000,0x00000000dd780000)
  from space 5120K, 99% used [0x00000000de000000,0x00000000de4fd050,0x00000000de500000)
  to   space 5120K, 0% used [0x00000000de500000,0x00000000de500000,0x00000000dea00000)
 ParOldGen       total 53248K, used 16996K [0x0000000081a00000, 0x0000000084e00000, 0x00000000d5e00000)
  object space 53248K, 31% used [0x0000000081a00000,0x0000000082a99220,0x0000000084e00000)
 Metaspace       used 31436K, capacity 33184K, committed 33280K, reserved 1081344K
  class space    used 4223K, capacity 4546K, committed 4608K, reserved 1048576K
GC Heap History (10 events):
Event: 32.196 GC heap after
Heap after GC invocations=2 (full 0):
 PSYoungGen      total 71680K, used 5098K [0x00000000d5e00000, 0x00000000da900000, 0x0000000100000000)
  eden space 66560K, 0% used [0x00000000d5e00000,0x00000000d5e00000,0x00000000d9f00000)
  from space 5120K, 99% used [0x00000000da400000,0x00000000da8fa948,0x00000000da900000)
  to   space 5120K, 0% used [0x00000000d9f00000,0x00000000d9f00000,0x00000000da400000)
 ParOldGen       total 87552K, used 4855K [0x0000000081a00000, 0x0000000086f80000, 0x00000000d5e00000)
  object space 87552K, 5% used [0x0000000081a00000,0x0000000081ebddb8,0x0000000086f80000)
 Metaspace       used 17710K, capacity 18356K, committed 18432K, reserved 1064960K
  class space    used 2313K, capacity 2494K, committed 2560K, reserved 1048576K
}
Event: 40.060 GC heap before
{Heap before GC invocations=3 (full 0):
 PSYoungGen      total 71680K, used 45796K [0x00000000d5e00000, 0x00000000da900000, 0x0000000100000000)
  eden space 66560K, 61% used [0x00000000d5e00000,0x00000000d85be878,0x00000000d9f00000)
  from space 5120K, 99% used [0x00000000da400000,0x00000000da8fa948,0x00000000da900000)
  to   space 5120K, 0% used [0x00000000d9f00000,0x00000000d9f00000,0x00000000da400000)
 ParOldGen       total 87552K, used 4855K [0x0000000081a00000, 0x0000000086f80000, 0x00000000d5e00000)
  object space 87552K, 5% used [0x0000000081a00000,0x0000000081ebddb8,0x0000000086f80000)
 Metaspace       used 20332K, capacity 21172K, committed 21296K, reserved 1067008K
  class space    used 2697K, capacity 2882K, committed 2944K, reserved 1048576K
Event: 40.120 GC heap after
Heap after GC invocations=3 (full 0):
 PSYoungGen      total 71680K, used 5101K [0x00000000d5e00000, 0x00000000dea00000, 0x0000000100000000)
  eden space 66560K, 0% used [0x00000000d5e00000,0x00000000d5e00000,0x00000000d9f00000)
  from space 5120K, 99% used [0x00000000d9f00000,0x00000000da3fb700,0x00000000da400000)
  to   space 5120K, 0% used [0x00000000de500000,0x00000000de500000,0x00000000dea00000)
 ParOldGen       total 87552K, used 9293K [0x0000000081a00000, 0x0000000086f80000, 0x00000000d5e00000)
  object space 87552K, 10% used [0x0000000081a00000,0x0000000082313498,0x0000000086f80000)
 Metaspace       used 20332K, capacity 21172K, committed 21296K, reserved 1067008K
  class space    used 2697K, capacity 2882K, committed 2944K, reserved 1048576K
}
Event: 40.120 GC heap before
{Heap before GC invocations=4 (full 1):
 PSYoungGen      total 71680K, used 5101K [0x00000000d5e00000, 0x00000000dea00000, 0x0000000100000000)
  eden space 66560K, 0% used [0x00000000d5e00000,0x00000000d5e00000,0x00000000d9f00000)
  from space 5120K, 99% used [0x00000000d9f00000,0x00000000da3fb700,0x00000000da400000)
  to   space 5120K, 0% used [0x00000000de500000,0x00000000de500000,0x00000000dea00000)
 ParOldGen       total 87552K, used 9293K [0x0000000081a00000, 0x0000000086f80000, 0x00000000d5e00000)
  object space 87552K, 10% used [0x0000000081a00000,0x0000000082313498,0x0000000086f80000)
 Metaspace       used 20332K, capacity 21172K, committed 21296K, reserved 1067008K
  class space    used 2697K, capacity 2882K, committed 2944K, reserved 1048576K
Event: 40.228 GC heap after
Heap after GC invocations=4 (full 1):
 PSYoungGen      total 71680K, used 0K [0x00000000d5e00000, 0x00000000dea00000, 0x0000000100000000)
  eden space 66560K, 0% used [0x00000000d5e00000,0x00000000d5e00000,0x00000000d9f00000)
  from space 5120K, 0% used [0x00000000d9f00000,0x00000000d9f00000,0x00000000da400000)
  to   space 5120K, 0% used [0x00000000de500000,0x00000000de500000,0x00000000dea00000)
 ParOldGen       total 53248K, used 9320K [0x0000000081a00000, 0x0000000084e00000, 0x00000000d5e00000)
  object space 53248K, 17% used [0x0000000081a00000,0x000000008231a210,0x0000000084e00000)
 Metaspace       used 20332K, capacity 21172K, committed 21296K, reserved 1067008K
  class space    used 2697K, capacity 2882K, committed 2944K, reserved 1048576K
}
Event: 52.045 GC heap before
{Heap before GC invocations=5 (full 1):
 PSYoungGen      total 71680K, used 66560K [0x00000000d5e00000, 0x00000000dea00000, 0x0000000100000000)
  eden space 66560K, 100% used [0x00000000d5e00000,0x00000000d9f00000,0x00000000d9f00000)
  from space 5120K, 0% used [0x00000000d9f00000,0x00000000d9f00000,0x00000000da400000)
  to   space 5120K, 0% used [0x00000000de500000,0x00000000de500000,0x00000000dea00000)
 ParOldGen       total 53248K, used 9320K [0x0000000081a00000, 0x0000000084e00000, 0x00000000d5e00000)
  object space 53248K, 17% used [0x0000000081a00000,0x000000008231a210,0x0000000084e00000)
 Metaspace       used 27059K, capacity 28548K, committed 28800K, reserved 1075200K
  class space    used 3603K, capacity 3902K, committed 3968K, reserved 1048576K
Event: 52.228 GC heap after
Heap after GC invocations=5 (full 1):
 PSYoungGen      total 129536K, used 5096K [0x00000000d5e00000, 0x00000000dea00000, 0x0000000100000000)
  eden space 124416K, 0% used [0x00000000d5e00000,0x00000000d5e00000,0x00000000dd780000)
  from space 5120K, 99% used [0x00000000de500000,0x00000000de9fa2e8,0x00000000dea00000)
  to   space 5120K, 0% used [0x00000000de000000,0x00000000de000000,0x00000000de500000)
 ParOldGen       total 53248K, used 13078K [0x0000000081a00000, 0x0000000084e00000, 0x00000000d5e00000)
  object space 53248K, 24% used [0x0000000081a00000,0x00000000826c5888,0x0000000084e00000)
 Metaspace       used 27059K, capacity 28548K, committed 28800K, reserved 1075200K
  class space    used 3603K, capacity 3902K, committed 3968K, reserved 1048576K
}
Event: 55.872 GC heap before
{Heap before GC invocations=6 (full 1):
 PSYoungGen      total 129536K, used 61584K [0x00000000d5e00000, 0x00000000dea00000, 0x0000000100000000)
  eden space 124416K, 45% used [0x00000000d5e00000,0x00000000d9529d20,0x00000000dd780000)
  from space 5120K, 99% used [0x00000000de500000,0x00000000de9fa2e8,0x00000000dea00000)
  to   space 5120K, 0% used [0x00000000de000000,0x00000000de000000,0x00000000de500000)
 ParOldGen       total 53248K, used 13078K [0x0000000081a00000, 0x0000000084e00000, 0x00000000d5e00000)
  object space 53248K, 24% used [0x0000000081a00000,0x00000000826c5888,0x0000000084e00000)
 Metaspace       used 31436K, capacity 33184K, committed 33280K, reserved 1081344K
  class space    used 4223K, capacity 4546K, committed 4608K, reserved 1048576K
Event: 55.902 GC heap after
Heap after GC invocations=6 (full 1):
 PSYoungGen      total 129536K, used 5108K [0x00000000d5e00000, 0x00000000dea00000, 0x0000000100000000)
  eden space 124416K, 0% used [0x00000000d5e00000,0x00000000d5e00000,0x00000000dd780000)
  from space 5120K, 99% used [0x00000000de000000,0x00000000de4fd050,0x00000000de500000)
  to   space 5120K, 0% used [0x00000000de500000,0x00000000de500000,0x00000000dea00000)
 ParOldGen       total 53248K, used 16996K [0x0000000081a00000, 0x0000000084e00000, 0x00000000d5e00000)
  object space 53248K, 31% used [0x0000000081a00000,0x0000000082a99220,0x0000000084e00000)
 Metaspace       used 31436K, capacity 33184K, committed 33280K, reserved 1081344K
  class space    used 4223K, capacity 4546K, committed 4608K, reserved 1048576K
}
Event: 55.902 GC heap before
{Heap before GC invocations=7 (full 2):
 PSYoungGen      total 129536K, used 5108K [0x00000000d5e00000, 0x00000000dea00000, 0x0000000100000000)
  eden space 124416K, 0% used [0x00000000d5e00000,0x00000000d5e00000,0x00000000dd780000)
  from space 5120K, 99% used [0x00000000de000000,0x00000000de4fd050,0x00000000de500000)
  to   space 5120K, 0% used [0x00000000de500000,0x00000000de500000,0x00000000dea00000)
 ParOldGen       total 53248K, used 16996K [0x0000000081a00000, 0x0000000084e00000, 0x00000000d5e00000)
  object space 53248K, 31% used [0x0000000081a00000,0x0000000082a99220,0x0000000084e00000)
 Metaspace       used 31436K, capacity 33184K, committed 33280K, reserved 1081344K
  class space    used 4223K, capacity 4546K, committed 4608K, reserved 1048576K

